This file contains any messages produced by compilers while
running configure, to aid debugging if configure makes a mistake.

It was created by configure, which was
generated by GNU Autoconf 2.64.  Invocation command line was

  $ ./configure --prefix=/afs/cats.ucsc.edu/courses/cmps112-wm/usr/rlwrap-0.37

## --------- ##
## Platform. ##
## --------- ##

hostname = unix1.lt.ucsc.edu
uname -m = x86_64
uname -r = 3.10.0-327.28.3.el7.x86_64
uname -s = Linux
uname -v = #1 SMP Thu Aug 18 19:05:49 UTC 2016

/usr/bin/uname -p = x86_64
/bin/uname -X     = unknown

/bin/arch              = x86_64
/usr/bin/arch -k       = unknown
/usr/convex/getsysinfo = unknown
/usr/bin/hostinfo      = unknown
/bin/machine           = unknown
/usr/bin/oslevel       = unknown
/bin/universe          = unknown

PATH: /usr/lib64/qt-3.3/bin
PATH: /afs/cats.ucsc.edu/users/l/wmackey/perl5/bin
PATH: /opt/rh/devtoolset-4/root/usr/bin
PATH: /opt/rh/rh-java-common/root/usr/bin
PATH: /usr/local/bin
PATH: /usr/bin
PATH: /afs/cats.ucsc.edu/courses/cmps104a-wm/bin
PATH: /afs/cats.ucsc.edu/courses/cmps104a-wm/bin/@sys
PATH: /afs/cats.ucsc.edu/courses/cmps112-wm/usr/bin
PATH: /afs/cats.ucsc.edu/courses/cmps112-wm/usr/gprolog/bin
PATH: /afs/cats.ucsc.edu/courses/cmps112-wm/usr/ocaml/bin
PATH: /afs/cats.ucsc.edu/courses/cmps112-wm/usr/racket/bin
PATH: /afs/cats.ucsc.edu/courses/cmps112-wm/usr/smalltalk/bin
PATH: /afs/cats.ucsc.edu/courses/cmps005j-wm/Games/bin/@sys
PATH: /afs/cats.ucsc.edu/users/l/wmackey/bin
PATH: .
PATH: /usr/local/sbin
PATH: /usr/sbin
PATH: /var/cfengine/bin
PATH: /usr/local/texlive/2012/bin/x86_64-linux
PATH: /usr/local/codebench/bin


## ----------- ##
## Core tests. ##
## ----------- ##

configure:2205: checking build system type
configure:2219: result: x86_64-unknown-linux-gnu
configure:2239: checking host system type
configure:2252: result: x86_64-unknown-linux-gnu
configure:2289: checking for a BSD-compatible install
configure:2357: result: /usr/bin/install -c
configure:2368: checking whether build environment is sane
configure:2418: result: yes
configure:2559: checking for a thread-safe mkdir -p
configure:2598: result: /usr/bin/mkdir -p
configure:2611: checking for gawk
configure:2627: found /usr/bin/gawk
configure:2638: result: gawk
configure:2649: checking whether make sets $(MAKE)
configure:2671: result: yes
configure:2755: checking whether make sets $(MAKE)
configure:2777: result: yes
configure:2786: checking whether build environment is sane
configure:2836: result: yes
configure:2888: checking for style of include used by make
configure:2916: result: GNU
configure:2986: checking for gcc
configure:3002: found /opt/rh/devtoolset-4/root/usr/bin/gcc
configure:3013: result: gcc
configure:3242: checking for C compiler version
configure:3251: gcc --version >&5
gcc (GCC) 5.2.1 20150902 (Red Hat 5.2.1-2)
Copyright (C) 2015 Free Software Foundation, Inc.
This is free software; see the source for copying conditions.  There is NO
warranty; not even for MERCHANTABILITY or FITNESS FOR A PARTICULAR PURPOSE.

configure:3262: $? = 0
configure:3251: gcc -v >&5
Using built-in specs.
COLLECT_GCC=gcc
COLLECT_LTO_WRAPPER=/opt/rh/devtoolset-4/root/usr/libexec/gcc/x86_64-redhat-linux/5.2.1/lto-wrapper
Target: x86_64-redhat-linux
Configured with: ../configure --enable-bootstrap --enable-languages=c,c++,fortran,lto --prefix=/opt/rh/devtoolset-4/root/usr --mandir=/opt/rh/devtoolset-4/root/usr/share/man --infodir=/opt/rh/devtoolset-4/root/usr/share/info --with-bugurl=http://bugzilla.redhat.com/bugzilla --enable-shared --enable-threads=posix --enable-checking=release --enable-multilib --with-system-zlib --enable-__cxa_atexit --disable-libunwind-exceptions --enable-gnu-unique-object --enable-linker-build-id --enable-plugin --with-linker-hash-style=gnu --enable-initfini-array --disable-libgcj --with-default-libstdcxx-abi=gcc4-compatible --with-isl=/builddir/build/BUILD/gcc-5.2.1-20150902/obj-x86_64-redhat-linux/isl-install --enable-libmpx --enable-gnu-indirect-function --with-tune=generic --with-arch_32=i686 --build=x86_64-redhat-linux
Thread model: posix
gcc version 5.2.1 20150902 (Red Hat 5.2.1-2) (GCC) 
configure:3262: $? = 0
configure:3251: gcc -V >&5
gcc: error: unrecognized command line option '-V'
gcc: fatal error: no input files
compilation terminated.
configure:3262: $? = 1
configure:3251: gcc -qversion >&5
gcc: error: unrecognized command line option '-qversion'
gcc: fatal error: no input files
compilation terminated.
configure:3262: $? = 1
configure:3284: checking for C compiler default output file name
configure:3306: gcc    conftest.c  >&5
configure:3310: $? = 0
configure:3347: result: a.out
configure:3363: checking whether the C compiler works
configure:3372: ./a.out
configure:3376: $? = 0
configure:3391: result: yes
configure:3398: checking whether we are cross compiling
configure:3400: result: no
configure:3403: checking for suffix of executables
configure:3410: gcc -o conftest    conftest.c  >&5
configure:3414: $? = 0
configure:3436: result: 
configure:3442: checking for suffix of object files
configure:3464: gcc -c   conftest.c >&5
configure:3468: $? = 0
configure:3489: result: o
configure:3493: checking whether we are using the GNU C compiler
configure:3512: gcc -c   conftest.c >&5
configure:3512: $? = 0
configure:3521: result: yes
configure:3530: checking whether gcc accepts -g
configure:3550: gcc -c -g  conftest.c >&5
configure:3550: $? = 0
configure:3591: result: yes
configure:3608: checking for gcc option to accept ISO C89
configure:3672: gcc  -c -g -O2  conftest.c >&5
configure:3672: $? = 0
configure:3685: result: none needed
configure:3707: checking dependency style of gcc
configure:3817: result: gcc3
configure:3838: checking how to run the C preprocessor
configure:3869: gcc -E  conftest.c
configure:3869: $? = 0
configure:3883: gcc -E  conftest.c
conftest.c:11:28: fatal error: ac_nonexistent.h: No such file or directory
compilation terminated.
configure:3883: $? = 1
configure: failed program was:
| /* confdefs.h */
| #define PACKAGE_NAME ""
| #define PACKAGE_TARNAME ""
| #define PACKAGE_VERSION ""
| #define PACKAGE_STRING ""
| #define PACKAGE_BUGREPORT ""
| #define PACKAGE_URL ""
| #define PACKAGE "rlwrap"
| #define VERSION "0.37"
| /* end confdefs.h.  */
| #include <ac_nonexistent.h>
configure:3908: result: gcc -E
configure:3928: gcc -E  conftest.c
configure:3928: $? = 0
configure:3942: gcc -E  conftest.c
conftest.c:11:28: fatal error: ac_nonexistent.h: No such file or directory
compilation terminated.
configure:3942: $? = 1
configure: failed program was:
| /* confdefs.h */
| #define PACKAGE_NAME ""
| #define PACKAGE_TARNAME ""
| #define PACKAGE_VERSION ""
| #define PACKAGE_STRING ""
| #define PACKAGE_BUGREPORT ""
| #define PACKAGE_URL ""
| #define PACKAGE "rlwrap"
| #define VERSION "0.37"
| /* end confdefs.h.  */
| #include <ac_nonexistent.h>
configure:3971: checking for grep that handles long lines and -e
configure:4029: result: /usr/bin/grep
configure:4034: checking for egrep
configure:4096: result: /usr/bin/grep -E
configure:4101: checking for ANSI C header files
configure:4121: gcc -c -g -O2  conftest.c >&5
configure:4121: $? = 0
configure:4194: gcc -o conftest -g -O2   conftest.c  >&5
configure:4194: $? = 0
configure:4194: ./conftest
configure:4194: $? = 0
configure:4205: result: yes
configure:4218: checking for sys/types.h
configure:4218: gcc -c -g -O2  conftest.c >&5
configure:4218: $? = 0
configure:4218: result: yes
configure:4218: checking for sys/stat.h
configure:4218: gcc -c -g -O2  conftest.c >&5
configure:4218: $? = 0
configure:4218: result: yes
configure:4218: checking for stdlib.h
configure:4218: gcc -c -g -O2  conftest.c >&5
configure:4218: $? = 0
configure:4218: result: yes
configure:4218: checking for string.h
configure:4218: gcc -c -g -O2  conftest.c >&5
configure:4218: $? = 0
configure:4218: result: yes
configure:4218: checking for memory.h
configure:4218: gcc -c -g -O2  conftest.c >&5
configure:4218: $? = 0
configure:4218: result: yes
configure:4218: checking for strings.h
configure:4218: gcc -c -g -O2  conftest.c >&5
configure:4218: $? = 0
configure:4218: result: yes
configure:4218: checking for inttypes.h
configure:4218: gcc -c -g -O2  conftest.c >&5
configure:4218: $? = 0
configure:4218: result: yes
configure:4218: checking for stdint.h
configure:4218: gcc -c -g -O2  conftest.c >&5
configure:4218: $? = 0
configure:4218: result: yes
configure:4218: checking for unistd.h
configure:4218: gcc -c -g -O2  conftest.c >&5
configure:4218: $? = 0
configure:4218: result: yes
configure:4232: checking minix/config.h usability
configure:4232: gcc -c -g -O2  conftest.c >&5
conftest.c:54:26: fatal error: minix/config.h: No such file or directory
compilation terminated.
configure:4232: $? = 1
configure: failed program was:
| /* confdefs.h */
| #define PACKAGE_NAME ""
| #define PACKAGE_TARNAME ""
| #define PACKAGE_VERSION ""
| #define PACKAGE_STRING ""
| #define PACKAGE_BUGREPORT ""
| #define PACKAGE_URL ""
| #define PACKAGE "rlwrap"
| #define VERSION "0.37"
| #define STDC_HEADERS 1
| #define HAVE_SYS_TYPES_H 1
| #define HAVE_SYS_STAT_H 1
| #define HAVE_STDLIB_H 1
| #define HAVE_STRING_H 1
| #define HAVE_MEMORY_H 1
| #define HAVE_STRINGS_H 1
| #define HAVE_INTTYPES_H 1
| #define HAVE_STDINT_H 1
| #define HAVE_UNISTD_H 1
| /* end confdefs.h.  */
| #include <stdio.h>
| #ifdef HAVE_SYS_TYPES_H
| # include <sys/types.h>
| #endif
| #ifdef HAVE_SYS_STAT_H
| # include <sys/stat.h>
| #endif
| #ifdef STDC_HEADERS
| # include <stdlib.h>
| # include <stddef.h>
| #else
| # ifdef HAVE_STDLIB_H
| #  include <stdlib.h>
| # endif
| #endif
| #ifdef HAVE_STRING_H
| # if !defined STDC_HEADERS && defined HAVE_MEMORY_H
| #  include <memory.h>
| # endif
| # include <string.h>
| #endif
| #ifdef HAVE_STRINGS_H
| # include <strings.h>
| #endif
| #ifdef HAVE_INTTYPES_H
| # include <inttypes.h>
| #endif
| #ifdef HAVE_STDINT_H
| # include <stdint.h>
| #endif
| #ifdef HAVE_UNISTD_H
| # include <unistd.h>
| #endif
| #include <minix/config.h>
configure:4232: result: no
configure:4232: checking minix/config.h presence
configure:4232: gcc -E  conftest.c
conftest.c:21:26: fatal error: minix/config.h: No such file or directory
compilation terminated.
configure:4232: $? = 1
configure: failed program was:
| /* confdefs.h */
| #define PACKAGE_NAME ""
| #define PACKAGE_TARNAME ""
| #define PACKAGE_VERSION ""
| #define PACKAGE_STRING ""
| #define PACKAGE_BUGREPORT ""
| #define PACKAGE_URL ""
| #define PACKAGE "rlwrap"
| #define VERSION "0.37"
| #define STDC_HEADERS 1
| #define HAVE_SYS_TYPES_H 1
| #define HAVE_SYS_STAT_H 1
| #define HAVE_STDLIB_H 1
| #define HAVE_STRING_H 1
| #define HAVE_MEMORY_H 1
| #define HAVE_STRINGS_H 1
| #define HAVE_INTTYPES_H 1
| #define HAVE_STDINT_H 1
| #define HAVE_UNISTD_H 1
| /* end confdefs.h.  */
| #include <minix/config.h>
configure:4232: result: no
configure:4232: checking for minix/config.h
configure:4232: result: no
configure:4253: checking whether it is safe to define __EXTENSIONS__
configure:4271: gcc -c -g -O2  conftest.c >&5
configure:4271: $? = 0
configure:4278: result: yes
configure:4357: checking for gcc
configure:4384: result: gcc
configure:4613: checking for C compiler version
configure:4622: gcc --version >&5
gcc (GCC) 5.2.1 20150902 (Red Hat 5.2.1-2)
Copyright (C) 2015 Free Software Foundation, Inc.
This is free software; see the source for copying conditions.  There is NO
warranty; not even for MERCHANTABILITY or FITNESS FOR A PARTICULAR PURPOSE.

configure:4633: $? = 0
configure:4622: gcc -v >&5
Using built-in specs.
COLLECT_GCC=gcc
COLLECT_LTO_WRAPPER=/opt/rh/devtoolset-4/root/usr/libexec/gcc/x86_64-redhat-linux/5.2.1/lto-wrapper
Target: x86_64-redhat-linux
Configured with: ../configure --enable-bootstrap --enable-languages=c,c++,fortran,lto --prefix=/opt/rh/devtoolset-4/root/usr --mandir=/opt/rh/devtoolset-4/root/usr/share/man --infodir=/opt/rh/devtoolset-4/root/usr/share/info --with-bugurl=http://bugzilla.redhat.com/bugzilla --enable-shared --enable-threads=posix --enable-checking=release --enable-multilib --with-system-zlib --enable-__cxa_atexit --disable-libunwind-exceptions --enable-gnu-unique-object --enable-linker-build-id --enable-plugin --with-linker-hash-style=gnu --enable-initfini-array --disable-libgcj --with-default-libstdcxx-abi=gcc4-compatible --with-isl=/builddir/build/BUILD/gcc-5.2.1-20150902/obj-x86_64-redhat-linux/isl-install --enable-libmpx --enable-gnu-indirect-function --with-tune=generic --with-arch_32=i686 --build=x86_64-redhat-linux
Thread model: posix
gcc version 5.2.1 20150902 (Red Hat 5.2.1-2) (GCC) 
configure:4633: $? = 0
configure:4622: gcc -V >&5
gcc: error: unrecognized command line option '-V'
gcc: fatal error: no input files
compilation terminated.
configure:4633: $? = 1
configure:4622: gcc -qversion >&5
gcc: error: unrecognized command line option '-qversion'
gcc: fatal error: no input files
compilation terminated.
configure:4633: $? = 1
configure:4637: checking whether we are using the GNU C compiler
configure:4665: result: yes
configure:4674: checking whether gcc accepts -g
configure:4735: result: yes
configure:4752: checking for gcc option to accept ISO C89
configure:4829: result: none needed
configure:4851: checking dependency style of gcc
configure:4961: result: gcc3
configure:4981: checking how to run the C preprocessor
configure:5051: result: gcc -E
configure:5071: gcc -E  conftest.c
configure:5071: $? = 0
configure:5085: gcc -E  conftest.c
conftest.c:27:28: fatal error: ac_nonexistent.h: No such file or directory
compilation terminated.
configure:5085: $? = 1
configure: failed program was:
| /* confdefs.h */
| #define PACKAGE_NAME ""
| #define PACKAGE_TARNAME ""
| #define PACKAGE_VERSION ""
| #define PACKAGE_STRING ""
| #define PACKAGE_BUGREPORT ""
| #define PACKAGE_URL ""
| #define PACKAGE "rlwrap"
| #define VERSION "0.37"
| #define STDC_HEADERS 1
| #define HAVE_SYS_TYPES_H 1
| #define HAVE_SYS_STAT_H 1
| #define HAVE_STDLIB_H 1
| #define HAVE_STRING_H 1
| #define HAVE_MEMORY_H 1
| #define HAVE_STRINGS_H 1
| #define HAVE_INTTYPES_H 1
| #define HAVE_STDINT_H 1
| #define HAVE_UNISTD_H 1
| #define __EXTENSIONS__ 1
| #define _ALL_SOURCE 1
| #define _GNU_SOURCE 1
| #define _POSIX_PTHREAD_SEMANTICS 1
| #define _TANDEM_SOURCE 1
| #define SPY_ON_READLINE 1 
| /* end confdefs.h.  */
| #include <ac_nonexistent.h>
configure:5116: checking for perl
configure:5134: found /usr/local/bin/perl
configure:5146: result: /usr/local/bin/perl
configure:5157: checking for strip
configure:5173: found /opt/rh/devtoolset-4/root/usr/bin/strip
configure:5185: result: strip
configure:5195: checking for ANSI C header files
configure:5299: result: yes
configure:5307: checking for sys/wait.h that is POSIX.1 compatible
configure:5333: gcc -c -g -O2  conftest.c >&5
configure:5333: $? = 0
configure:5340: result: yes
configure:5351: checking errno.h usability
configure:5351: gcc -c -g -O2  conftest.c >&5
configure:5351: $? = 0
configure:5351: result: yes
configure:5351: checking errno.h presence
configure:5351: gcc -E  conftest.c
configure:5351: $? = 0
configure:5351: result: yes
configure:5351: checking for errno.h
configure:5351: result: yes
configure:5351: checking fcntl.h usability
configure:5351: gcc -c -g -O2  conftest.c >&5
configure:5351: $? = 0
configure:5351: result: yes
configure:5351: checking fcntl.h presence
configure:5351: gcc -E  conftest.c
configure:5351: $? = 0
configure:5351: result: yes
configure:5351: checking for fcntl.h
configure:5351: result: yes
configure:5351: checking libutil.h usability
configure:5351: gcc -c -g -O2  conftest.c >&5
conftest.c:64:21: fatal error: libutil.h: No such file or directory
compilation terminated.
configure:5351: $? = 1
configure: failed program was:
| /* confdefs.h */
| #define PACKAGE_NAME ""
| #define PACKAGE_TARNAME ""
| #define PACKAGE_VERSION ""
| #define PACKAGE_STRING ""
| #define PACKAGE_BUGREPORT ""
| #define PACKAGE_URL ""
| #define PACKAGE "rlwrap"
| #define VERSION "0.37"
| #define STDC_HEADERS 1
| #define HAVE_SYS_TYPES_H 1
| #define HAVE_SYS_STAT_H 1
| #define HAVE_STDLIB_H 1
| #define HAVE_STRING_H 1
| #define HAVE_MEMORY_H 1
| #define HAVE_STRINGS_H 1
| #define HAVE_INTTYPES_H 1
| #define HAVE_STDINT_H 1
| #define HAVE_UNISTD_H 1
| #define __EXTENSIONS__ 1
| #define _ALL_SOURCE 1
| #define _GNU_SOURCE 1
| #define _POSIX_PTHREAD_SEMANTICS 1
| #define _TANDEM_SOURCE 1
| #define SPY_ON_READLINE 1 
| #define STDC_HEADERS 1
| #define HAVE_SYS_WAIT_H 1
| #define HAVE_ERRNO_H 1
| #define HAVE_FCNTL_H 1
| /* end confdefs.h.  */
| #include <stdio.h>
| #ifdef HAVE_SYS_TYPES_H
| # include <sys/types.h>
| #endif
| #ifdef HAVE_SYS_STAT_H
| # include <sys/stat.h>
| #endif
| #ifdef STDC_HEADERS
| # include <stdlib.h>
| # include <stddef.h>
| #else
| # ifdef HAVE_STDLIB_H
| #  include <stdlib.h>
| # endif
| #endif
| #ifdef HAVE_STRING_H
| # if !defined STDC_HEADERS && defined HAVE_MEMORY_H
| #  include <memory.h>
| # endif
| # include <string.h>
| #endif
| #ifdef HAVE_STRINGS_H
| # include <strings.h>
| #endif
| #ifdef HAVE_INTTYPES_H
| # include <inttypes.h>
| #endif
| #ifdef HAVE_STDINT_H
| # include <stdint.h>
| #endif
| #ifdef HAVE_UNISTD_H
| # include <unistd.h>
| #endif
| #include <libutil.h>
configure:5351: result: no
configure:5351: checking libutil.h presence
configure:5351: gcc -E  conftest.c
conftest.c:31:21: fatal error: libutil.h: No such file or directory
compilation terminated.
configure:5351: $? = 1
configure: failed program was:
| /* confdefs.h */
| #define PACKAGE_NAME ""
| #define PACKAGE_TARNAME ""
| #define PACKAGE_VERSION ""
| #define PACKAGE_STRING ""
| #define PACKAGE_BUGREPORT ""
| #define PACKAGE_URL ""
| #define PACKAGE "rlwrap"
| #define VERSION "0.37"
| #define STDC_HEADERS 1
| #define HAVE_SYS_TYPES_H 1
| #define HAVE_SYS_STAT_H 1
| #define HAVE_STDLIB_H 1
| #define HAVE_STRING_H 1
| #define HAVE_MEMORY_H 1
| #define HAVE_STRINGS_H 1
| #define HAVE_INTTYPES_H 1
| #define HAVE_STDINT_H 1
| #define HAVE_UNISTD_H 1
| #define __EXTENSIONS__ 1
| #define _ALL_SOURCE 1
| #define _GNU_SOURCE 1
| #define _POSIX_PTHREAD_SEMANTICS 1
| #define _TANDEM_SOURCE 1
| #define SPY_ON_READLINE 1 
| #define STDC_HEADERS 1
| #define HAVE_SYS_WAIT_H 1
| #define HAVE_ERRNO_H 1
| #define HAVE_FCNTL_H 1
| /* end confdefs.h.  */
| #include <libutil.h>
configure:5351: result: no
configure:5351: checking for libutil.h
configure:5351: result: no
configure:5351: checking for stdlib.h
configure:5351: result: yes
configure:5351: checking for string.h
configure:5351: result: yes
configure:5351: checking sched.h usability
configure:5351: gcc -c -g -O2  conftest.c >&5
configure:5351: $? = 0
configure:5351: result: yes
configure:5351: checking sched.h presence
configure:5351: gcc -E  conftest.c
configure:5351: $? = 0
configure:5351: result: yes
configure:5351: checking for sched.h
configure:5351: result: yes
configure:5351: checking sys/ioctl.h usability
configure:5351: gcc -c -g -O2  conftest.c >&5
configure:5351: $? = 0
configure:5351: result: yes
configure:5351: checking sys/ioctl.h presence
configure:5351: gcc -E  conftest.c
configure:5351: $? = 0
configure:5351: result: yes
configure:5351: checking for sys/ioctl.h
configure:5351: result: yes
configure:5351: checking for sys/wait.h
configure:5351: result: yes
configure:5351: checking sys/resource.h usability
configure:5351: gcc -c -g -O2  conftest.c >&5
configure:5351: $? = 0
configure:5351: result: yes
configure:5351: checking sys/resource.h presence
configure:5351: gcc -E  conftest.c
configure:5351: $? = 0
configure:5351: result: yes
configure:5351: checking for sys/resource.h
configure:5351: result: yes
configure:5351: checking stddef.h usability
configure:5351: gcc -c -g -O2  conftest.c >&5
configure:5351: $? = 0
configure:5351: result: yes
configure:5351: checking stddef.h presence
configure:5351: gcc -E  conftest.c
configure:5351: $? = 0
configure:5351: result: yes
configure:5351: checking for stddef.h
configure:5351: result: yes
configure:5365: checking termios.h usability
configure:5365: gcc -c -g -O2  conftest.c >&5
configure:5365: $? = 0
configure:5365: result: yes
configure:5365: checking termios.h presence
configure:5365: gcc -E  conftest.c
configure:5365: $? = 0
configure:5365: result: yes
configure:5365: checking for termios.h
configure:5365: result: yes
configure:5365: checking for unistd.h
configure:5365: result: yes
configure:5365: checking for stdint.h
configure:5365: result: yes
configure:5365: checking time.h usability
configure:5365: gcc -c -g -O2  conftest.c >&5
configure:5365: $? = 0
configure:5365: result: yes
configure:5365: checking time.h presence
configure:5365: gcc -E  conftest.c
configure:5365: $? = 0
configure:5365: result: yes
configure:5365: checking for time.h
configure:5365: result: yes
configure:5365: checking getopt.h usability
configure:5365: gcc -c -g -O2  conftest.c >&5
configure:5365: $? = 0
configure:5365: result: yes
configure:5365: checking getopt.h presence
configure:5365: gcc -E  conftest.c
configure:5365: $? = 0
configure:5365: result: yes
configure:5365: checking for getopt.h
configure:5365: result: yes
configure:5365: checking regex.h usability
configure:5365: gcc -c -g -O2  conftest.c >&5
configure:5365: $? = 0
configure:5365: result: yes
configure:5365: checking regex.h presence
configure:5365: gcc -E  conftest.c
configure:5365: $? = 0
configure:5365: result: yes
configure:5365: checking for regex.h
configure:5365: result: yes
configure:5365: checking curses.h usability
configure:5365: gcc -c -g -O2  conftest.c >&5
configure:5365: $? = 0
configure:5365: result: yes
configure:5365: checking curses.h presence
configure:5365: gcc -E  conftest.c
configure:5365: $? = 0
configure:5365: result: yes
configure:5365: checking for curses.h
configure:5365: result: yes
configure:5365: checking termcap.h usability
configure:5365: gcc -c -g -O2  conftest.c >&5
configure:5365: $? = 0
configure:5365: result: yes
configure:5365: checking termcap.h presence
configure:5365: gcc -E  conftest.c
configure:5365: $? = 0
configure:5365: result: yes
configure:5365: checking for termcap.h
configure:5365: result: yes
configure:5380: checking for term.h
configure:5380: gcc -c -g -O2  conftest.c >&5
configure:5380: $? = 0
configure:5380: result: yes
configure:5380: checking for ncurses/term.h
configure:5380: gcc -c -g -O2  conftest.c >&5
configure:5380: $? = 0
configure:5380: result: yes
configure:5404: checking argument type of tputs putc function
configure:5431: gcc -c -g -O2  conftest.c >&5
conftest.c: In function 'main':
conftest.c:66:15: warning: passing argument 3 of 'tputs' from incompatible pointer type [-Wincompatible-pointer-types]
 tputs("a", 1, f);
               ^
In file included from conftest.c:51:0:
/usr/include/term.h:761:28: note: expected 'int (*)(int)' but argument is of type 'int (*)(char)'
 extern NCURSES_EXPORT(int) tputs (const char *, int, int (*)(int));
                            ^
configure:5431: $? = 0
configure: failed program was:
| /* confdefs.h */
| #define PACKAGE_NAME ""
| #define PACKAGE_TARNAME ""
| #define PACKAGE_VERSION ""
| #define PACKAGE_STRING ""
| #define PACKAGE_BUGREPORT ""
| #define PACKAGE_URL ""
| #define PACKAGE "rlwrap"
| #define VERSION "0.37"
| #define STDC_HEADERS 1
| #define HAVE_SYS_TYPES_H 1
| #define HAVE_SYS_STAT_H 1
| #define HAVE_STDLIB_H 1
| #define HAVE_STRING_H 1
| #define HAVE_MEMORY_H 1
| #define HAVE_STRINGS_H 1
| #define HAVE_INTTYPES_H 1
| #define HAVE_STDINT_H 1
| #define HAVE_UNISTD_H 1
| #define __EXTENSIONS__ 1
| #define _ALL_SOURCE 1
| #define _GNU_SOURCE 1
| #define _POSIX_PTHREAD_SEMANTICS 1
| #define _TANDEM_SOURCE 1
| #define SPY_ON_READLINE 1 
| #define STDC_HEADERS 1
| #define HAVE_SYS_WAIT_H 1
| #define HAVE_ERRNO_H 1
| #define HAVE_FCNTL_H 1
| #define HAVE_STDLIB_H 1
| #define HAVE_STRING_H 1
| #define HAVE_SCHED_H 1
| #define HAVE_SYS_IOCTL_H 1
| #define HAVE_SYS_WAIT_H 1
| #define HAVE_SYS_RESOURCE_H 1
| #define HAVE_STDDEF_H 1
| #define HAVE_TERMIOS_H 1
| #define HAVE_UNISTD_H 1
| #define HAVE_STDINT_H 1
| #define HAVE_TIME_H 1
| #define HAVE_GETOPT_H 1
| #define HAVE_REGEX_H 1
| #define HAVE_CURSES_H 1
| #define HAVE_TERMCAP_H 1
| #define HAVE_TERM_H 1
| #define HAVE_NCURSES_TERM_H 1
| /* end confdefs.h.  */
|  #ifdef HAVE_CURSES_H
|                #  include <curses.h>
|                #  ifdef HAVE_TERM_H
|                #    include <term.h>
|                #  else
|                #    ifdef HAVE_NCURSES_TERM_H /* cygwin? AIX? */
|                #      include <ncurses/term.h>
|                #    endif
|                #  endif
|                #else
|                #  ifdef HAVE_TERMCAP_H
|                #     include <termcap.h>
|                #  endif
|                #endif
|                int f(char i) { }
| int
| main ()
| {
| tputs("a", 1, f);
|   ;
|   return 0;
| }
configure:5437: result: int
configure:5446: checking whether your getopt() correctly understands double colons in option string
configure:5474: gcc -o conftest -g -O2   conftest.c  >&5
conftest.c: In function 'main':
conftest.c:58:22: warning: implicit declaration of function 'getopt' [-Wimplicit-function-declaration]
            int opt = getopt(myargc, myargv, optstring);
                      ^
conftest.c:60:14: warning: implicit declaration of function 'exit' [-Wimplicit-function-declaration]
              exit (-1);
              ^
conftest.c:60:14: warning: incompatible implicit declaration of built-in function 'exit'
conftest.c:60:14: note: include '<stdlib.h>' or provide a declaration of 'exit'
conftest.c:62:14: warning: incompatible implicit declaration of built-in function 'exit'
              exit(0);
              ^
conftest.c:62:14: note: include '<stdlib.h>' or provide a declaration of 'exit'
configure:5474: $? = 0
configure:5474: ./conftest
configure:5474: $? = 0
configure:5490: result: yes
configure:5494: checking for an ANSI C-conforming const
configure:5559: gcc -c -g -O2  conftest.c >&5
configure:5559: $? = 0
configure:5566: result: yes
configure:5574: checking for pid_t
configure:5574: gcc -c -g -O2  conftest.c >&5
configure:5574: $? = 0
configure:5574: gcc -c -g -O2  conftest.c >&5
conftest.c: In function 'main':
conftest.c:86:20: error: expected expression before ')' token
 if (sizeof ((pid_t)))
                    ^
configure:5574: $? = 1
configure: failed program was:
| /* confdefs.h */
| #define PACKAGE_NAME ""
| #define PACKAGE_TARNAME ""
| #define PACKAGE_VERSION ""
| #define PACKAGE_STRING ""
| #define PACKAGE_BUGREPORT ""
| #define PACKAGE_URL ""
| #define PACKAGE "rlwrap"
| #define VERSION "0.37"
| #define STDC_HEADERS 1
| #define HAVE_SYS_TYPES_H 1
| #define HAVE_SYS_STAT_H 1
| #define HAVE_STDLIB_H 1
| #define HAVE_STRING_H 1
| #define HAVE_MEMORY_H 1
| #define HAVE_STRINGS_H 1
| #define HAVE_INTTYPES_H 1
| #define HAVE_STDINT_H 1
| #define HAVE_UNISTD_H 1
| #define __EXTENSIONS__ 1
| #define _ALL_SOURCE 1
| #define _GNU_SOURCE 1
| #define _POSIX_PTHREAD_SEMANTICS 1
| #define _TANDEM_SOURCE 1
| #define SPY_ON_READLINE 1 
| #define STDC_HEADERS 1
| #define HAVE_SYS_WAIT_H 1
| #define HAVE_ERRNO_H 1
| #define HAVE_FCNTL_H 1
| #define HAVE_STDLIB_H 1
| #define HAVE_STRING_H 1
| #define HAVE_SCHED_H 1
| #define HAVE_SYS_IOCTL_H 1
| #define HAVE_SYS_WAIT_H 1
| #define HAVE_SYS_RESOURCE_H 1
| #define HAVE_STDDEF_H 1
| #define HAVE_TERMIOS_H 1
| #define HAVE_UNISTD_H 1
| #define HAVE_STDINT_H 1
| #define HAVE_TIME_H 1
| #define HAVE_GETOPT_H 1
| #define HAVE_REGEX_H 1
| #define HAVE_CURSES_H 1
| #define HAVE_TERMCAP_H 1
| #define HAVE_TERM_H 1
| #define HAVE_NCURSES_TERM_H 1
| #define TPUTS_PUTC_ARGTYPE int
| #define GETOPT_GROKS_OPTIONAL_ARGS 1
| /* end confdefs.h.  */
| #include <stdio.h>
| #ifdef HAVE_SYS_TYPES_H
| # include <sys/types.h>
| #endif
| #ifdef HAVE_SYS_STAT_H
| # include <sys/stat.h>
| #endif
| #ifdef STDC_HEADERS
| # include <stdlib.h>
| # include <stddef.h>
| #else
| # ifdef HAVE_STDLIB_H
| #  include <stdlib.h>
| # endif
| #endif
| #ifdef HAVE_STRING_H
| # if !defined STDC_HEADERS && defined HAVE_MEMORY_H
| #  include <memory.h>
| # endif
| # include <string.h>
| #endif
| #ifdef HAVE_STRINGS_H
| # include <strings.h>
| #endif
| #ifdef HAVE_INTTYPES_H
| # include <inttypes.h>
| #endif
| #ifdef HAVE_STDINT_H
| # include <stdint.h>
| #endif
| #ifdef HAVE_UNISTD_H
| # include <unistd.h>
| #endif
| int
| main ()
| {
| if (sizeof ((pid_t)))
| 	    return 0;
|   ;
|   return 0;
| }
configure:5574: result: yes
configure:5585: checking whether time.h and sys/time.h may both be included
configure:5605: gcc -c -g -O2  conftest.c >&5
configure:5605: $? = 0
configure:5612: result: yes
configure:5623: checking whether gcc needs -traditional
configure:5657: result: no
configure:5664: checking return type of signal handlers
configure:5682: gcc -c -g -O2  conftest.c >&5
conftest.c: In function 'main':
conftest.c:57:9: error: void value not ignored as it ought to be
 return *(signal (0, 0)) (0) == 1;
         ^
configure:5682: $? = 1
configure: failed program was:
| /* confdefs.h */
| #define PACKAGE_NAME ""
| #define PACKAGE_TARNAME ""
| #define PACKAGE_VERSION ""
| #define PACKAGE_STRING ""
| #define PACKAGE_BUGREPORT ""
| #define PACKAGE_URL ""
| #define PACKAGE "rlwrap"
| #define VERSION "0.37"
| #define STDC_HEADERS 1
| #define HAVE_SYS_TYPES_H 1
| #define HAVE_SYS_STAT_H 1
| #define HAVE_STDLIB_H 1
| #define HAVE_STRING_H 1
| #define HAVE_MEMORY_H 1
| #define HAVE_STRINGS_H 1
| #define HAVE_INTTYPES_H 1
| #define HAVE_STDINT_H 1
| #define HAVE_UNISTD_H 1
| #define __EXTENSIONS__ 1
| #define _ALL_SOURCE 1
| #define _GNU_SOURCE 1
| #define _POSIX_PTHREAD_SEMANTICS 1
| #define _TANDEM_SOURCE 1
| #define SPY_ON_READLINE 1 
| #define STDC_HEADERS 1
| #define HAVE_SYS_WAIT_H 1
| #define HAVE_ERRNO_H 1
| #define HAVE_FCNTL_H 1
| #define HAVE_STDLIB_H 1
| #define HAVE_STRING_H 1
| #define HAVE_SCHED_H 1
| #define HAVE_SYS_IOCTL_H 1
| #define HAVE_SYS_WAIT_H 1
| #define HAVE_SYS_RESOURCE_H 1
| #define HAVE_STDDEF_H 1
| #define HAVE_TERMIOS_H 1
| #define HAVE_UNISTD_H 1
| #define HAVE_STDINT_H 1
| #define HAVE_TIME_H 1
| #define HAVE_GETOPT_H 1
| #define HAVE_REGEX_H 1
| #define HAVE_CURSES_H 1
| #define HAVE_TERMCAP_H 1
| #define HAVE_TERM_H 1
| #define HAVE_NCURSES_TERM_H 1
| #define TPUTS_PUTC_ARGTYPE int
| #define GETOPT_GROKS_OPTIONAL_ARGS 1
| #define TIME_WITH_SYS_TIME 1
| /* end confdefs.h.  */
| #include <sys/types.h>
| #include <signal.h>
| 
| int
| main ()
| {
| return *(signal (0, 0)) (0) == 1;
|   ;
|   return 0;
| }
configure:5689: result: void
configure:5699: checking for getopt_long
configure:5699: gcc -o conftest -g -O2   conftest.c  >&5
configure:5699: $? = 0
configure:5699: result: yes
configure:5712: checking for getopt_long
configure:5712: result: yes
configure:5712: checking for isastream
configure:5712: gcc -o conftest -g -O2   conftest.c  >&5
configure:5712: $? = 0
configure:5712: result: yes
configure:5712: checking for mkstemp
configure:5712: gcc -o conftest -g -O2   conftest.c  >&5
configure:5712: $? = 0
configure:5712: result: yes
configure:5712: checking for pselect
configure:5712: gcc -o conftest -g -O2   conftest.c  >&5
configure:5712: $? = 0
configure:5712: result: yes
configure:5712: checking for putenv
configure:5712: gcc -o conftest -g -O2   conftest.c  >&5
configure:5712: $? = 0
configure:5712: result: yes
configure:5712: checking for readlink
configure:5712: gcc -o conftest -g -O2   conftest.c  >&5
configure:5712: $? = 0
configure:5712: result: yes
configure:5712: checking for sched_yield
configure:5712: gcc -o conftest -g -O2   conftest.c  >&5
configure:5712: $? = 0
configure:5712: result: yes
configure:5725: checking for setenv
configure:5725: gcc -o conftest -g -O2   conftest.c  >&5
configure:5725: $? = 0
configure:5725: result: yes
configure:5725: checking for setitimer
configure:5725: gcc -o conftest -g -O2   conftest.c  >&5
configure:5725: $? = 0
configure:5725: result: yes
configure:5725: checking for setsid
configure:5725: gcc -o conftest -g -O2   conftest.c  >&5
configure:5725: $? = 0
configure:5725: result: yes
configure:5725: checking for setrlimit
configure:5725: gcc -o conftest -g -O2   conftest.c  >&5
configure:5725: $? = 0
configure:5725: result: yes
configure:5725: checking for sigaction
configure:5725: gcc -o conftest -g -O2   conftest.c  >&5
configure:5725: $? = 0
configure:5725: result: yes
configure:5725: checking for snprintf
configure:5725: gcc -o conftest -g -O2   conftest.c  >&5
conftest.c:87:6: warning: conflicting types for built-in function 'snprintf'
 char snprintf ();
      ^
configure:5725: $? = 0
configure:5725: result: yes
configure:5725: checking for strlcpy
configure:5725: gcc -o conftest -g -O2   conftest.c  >&5
/var/tmp/0/ccl4C0mB.o: In function `main':
/afs/cats.ucsc.edu/courses/cmps112-wm/usr/Tarpit/rlwrap-0.37/rlwrap-0.37/conftest.c:99: undefined reference to `strlcpy'
collect2: error: ld returned 1 exit status
configure:5725: $? = 1
configure: failed program was:
| /* confdefs.h */
| #define PACKAGE_NAME ""
| #define PACKAGE_TARNAME ""
| #define PACKAGE_VERSION ""
| #define PACKAGE_STRING ""
| #define PACKAGE_BUGREPORT ""
| #define PACKAGE_URL ""
| #define PACKAGE "rlwrap"
| #define VERSION "0.37"
| #define STDC_HEADERS 1
| #define HAVE_SYS_TYPES_H 1
| #define HAVE_SYS_STAT_H 1
| #define HAVE_STDLIB_H 1
| #define HAVE_STRING_H 1
| #define HAVE_MEMORY_H 1
| #define HAVE_STRINGS_H 1
| #define HAVE_INTTYPES_H 1
| #define HAVE_STDINT_H 1
| #define HAVE_UNISTD_H 1
| #define __EXTENSIONS__ 1
| #define _ALL_SOURCE 1
| #define _GNU_SOURCE 1
| #define _POSIX_PTHREAD_SEMANTICS 1
| #define _TANDEM_SOURCE 1
| #define SPY_ON_READLINE 1 
| #define STDC_HEADERS 1
| #define HAVE_SYS_WAIT_H 1
| #define HAVE_ERRNO_H 1
| #define HAVE_FCNTL_H 1
| #define HAVE_STDLIB_H 1
| #define HAVE_STRING_H 1
| #define HAVE_SCHED_H 1
| #define HAVE_SYS_IOCTL_H 1
| #define HAVE_SYS_WAIT_H 1
| #define HAVE_SYS_RESOURCE_H 1
| #define HAVE_STDDEF_H 1
| #define HAVE_TERMIOS_H 1
| #define HAVE_UNISTD_H 1
| #define HAVE_STDINT_H 1
| #define HAVE_TIME_H 1
| #define HAVE_GETOPT_H 1
| #define HAVE_REGEX_H 1
| #define HAVE_CURSES_H 1
| #define HAVE_TERMCAP_H 1
| #define HAVE_TERM_H 1
| #define HAVE_NCURSES_TERM_H 1
| #define TPUTS_PUTC_ARGTYPE int
| #define GETOPT_GROKS_OPTIONAL_ARGS 1
| #define TIME_WITH_SYS_TIME 1
| #define RETSIGTYPE void
| #define HAVE_GETOPT_LONG 1
| #define HAVE_ISASTREAM 1
| #define HAVE_MKSTEMP 1
| #define HAVE_PSELECT 1
| #define HAVE_PUTENV 1
| #define HAVE_READLINK 1
| #define HAVE_SCHED_YIELD 1
| #define HAVE_SETENV 1
| #define HAVE_SETITIMER 1
| #define HAVE_SETSID 1
| #define HAVE_SETRLIMIT 1
| #define HAVE_SIGACTION 1
| #define HAVE_SNPRINTF 1
| /* end confdefs.h.  */
| /* Define strlcpy to an innocuous variant, in case <limits.h> declares strlcpy.
|    For example, HP-UX 11i <limits.h> declares gettimeofday.  */
| #define strlcpy innocuous_strlcpy
| 
| /* System header to define __stub macros and hopefully few prototypes,
|     which can conflict with char strlcpy (); below.
|     Prefer <limits.h> to <assert.h> if __STDC__ is defined, since
|     <limits.h> exists even on freestanding compilers.  */
| 
| #ifdef __STDC__
| # include <limits.h>
| #else
| # include <assert.h>
| #endif
| 
| #undef strlcpy
| 
| /* Override any GCC internal prototype to avoid an error.
|    Use char because int might match the return type of a GCC
|    builtin and then its argument prototype would still apply.  */
| #ifdef __cplusplus
| extern "C"
| #endif
| char strlcpy ();
| /* The GNU C library defines this for functions which it implements
|     to always fail with ENOSYS.  Some functions are actually named
|     something starting with __ and the normal name is an alias.  */
| #if defined __stub_strlcpy || defined __stub___strlcpy
| choke me
| #endif
| 
| int
| main ()
| {
| return strlcpy ();
|   ;
|   return 0;
| }
configure:5725: result: no
configure:5725: checking for strlcat
configure:5725: gcc -o conftest -g -O2   conftest.c  >&5
/var/tmp/0/cc64OkkG.o: In function `main':
/afs/cats.ucsc.edu/courses/cmps112-wm/usr/Tarpit/rlwrap-0.37/rlwrap-0.37/conftest.c:99: undefined reference to `strlcat'
collect2: error: ld returned 1 exit status
configure:5725: $? = 1
configure: failed program was:
| /* confdefs.h */
| #define PACKAGE_NAME ""
| #define PACKAGE_TARNAME ""
| #define PACKAGE_VERSION ""
| #define PACKAGE_STRING ""
| #define PACKAGE_BUGREPORT ""
| #define PACKAGE_URL ""
| #define PACKAGE "rlwrap"
| #define VERSION "0.37"
| #define STDC_HEADERS 1
| #define HAVE_SYS_TYPES_H 1
| #define HAVE_SYS_STAT_H 1
| #define HAVE_STDLIB_H 1
| #define HAVE_STRING_H 1
| #define HAVE_MEMORY_H 1
| #define HAVE_STRINGS_H 1
| #define HAVE_INTTYPES_H 1
| #define HAVE_STDINT_H 1
| #define HAVE_UNISTD_H 1
| #define __EXTENSIONS__ 1
| #define _ALL_SOURCE 1
| #define _GNU_SOURCE 1
| #define _POSIX_PTHREAD_SEMANTICS 1
| #define _TANDEM_SOURCE 1
| #define SPY_ON_READLINE 1 
| #define STDC_HEADERS 1
| #define HAVE_SYS_WAIT_H 1
| #define HAVE_ERRNO_H 1
| #define HAVE_FCNTL_H 1
| #define HAVE_STDLIB_H 1
| #define HAVE_STRING_H 1
| #define HAVE_SCHED_H 1
| #define HAVE_SYS_IOCTL_H 1
| #define HAVE_SYS_WAIT_H 1
| #define HAVE_SYS_RESOURCE_H 1
| #define HAVE_STDDEF_H 1
| #define HAVE_TERMIOS_H 1
| #define HAVE_UNISTD_H 1
| #define HAVE_STDINT_H 1
| #define HAVE_TIME_H 1
| #define HAVE_GETOPT_H 1
| #define HAVE_REGEX_H 1
| #define HAVE_CURSES_H 1
| #define HAVE_TERMCAP_H 1
| #define HAVE_TERM_H 1
| #define HAVE_NCURSES_TERM_H 1
| #define TPUTS_PUTC_ARGTYPE int
| #define GETOPT_GROKS_OPTIONAL_ARGS 1
| #define TIME_WITH_SYS_TIME 1
| #define RETSIGTYPE void
| #define HAVE_GETOPT_LONG 1
| #define HAVE_ISASTREAM 1
| #define HAVE_MKSTEMP 1
| #define HAVE_PSELECT 1
| #define HAVE_PUTENV 1
| #define HAVE_READLINK 1
| #define HAVE_SCHED_YIELD 1
| #define HAVE_SETENV 1
| #define HAVE_SETITIMER 1
| #define HAVE_SETSID 1
| #define HAVE_SETRLIMIT 1
| #define HAVE_SIGACTION 1
| #define HAVE_SNPRINTF 1
| /* end confdefs.h.  */
| /* Define strlcat to an innocuous variant, in case <limits.h> declares strlcat.
|    For example, HP-UX 11i <limits.h> declares gettimeofday.  */
| #define strlcat innocuous_strlcat
| 
| /* System header to define __stub macros and hopefully few prototypes,
|     which can conflict with char strlcat (); below.
|     Prefer <limits.h> to <assert.h> if __STDC__ is defined, since
|     <limits.h> exists even on freestanding compilers.  */
| 
| #ifdef __STDC__
| # include <limits.h>
| #else
| # include <assert.h>
| #endif
| 
| #undef strlcat
| 
| /* Override any GCC internal prototype to avoid an error.
|    Use char because int might match the return type of a GCC
|    builtin and then its argument prototype would still apply.  */
| #ifdef __cplusplus
| extern "C"
| #endif
| char strlcat ();
| /* The GNU C library defines this for functions which it implements
|     to always fail with ENOSYS.  Some functions are actually named
|     something starting with __ and the normal name is an alias.  */
| #if defined __stub_strlcat || defined __stub___strlcat
| choke me
| #endif
| 
| int
| main ()
| {
| return strlcat ();
|   ;
|   return 0;
| }
configure:5725: result: no
configure:5725: checking for strnlen
configure:5725: gcc -o conftest -g -O2   conftest.c  >&5
configure:5725: $? = 0
configure:5725: result: yes
configure:5725: checking for system
configure:5725: gcc -o conftest -g -O2   conftest.c  >&5
configure:5725: $? = 0
configure:5725: result: yes
configure:5747: checking for openpty in -lutil
configure:5772: gcc -o conftest -g -O2   conftest.c -lutil   >&5
configure:5772: $? = 0
configure:5781: result: yes
configure:5795: checking for openpty
configure:5795: gcc -o conftest -g -O2   conftest.c -lutil  >&5
configure:5795: $? = 0
configure:5795: result: yes
configure:5795: checking for getpty
configure:5795: gcc -o conftest -g -O2   conftest.c -lutil  >&5
/var/tmp/0/ccKwfl92.o: In function `main':
/afs/cats.ucsc.edu/courses/cmps112-wm/usr/Tarpit/rlwrap-0.37/rlwrap-0.37/conftest.c:103: undefined reference to `getpty'
collect2: error: ld returned 1 exit status
configure:5795: $? = 1
configure: failed program was:
| /* confdefs.h */
| #define PACKAGE_NAME ""
| #define PACKAGE_TARNAME ""
| #define PACKAGE_VERSION ""
| #define PACKAGE_STRING ""
| #define PACKAGE_BUGREPORT ""
| #define PACKAGE_URL ""
| #define PACKAGE "rlwrap"
| #define VERSION "0.37"
| #define STDC_HEADERS 1
| #define HAVE_SYS_TYPES_H 1
| #define HAVE_SYS_STAT_H 1
| #define HAVE_STDLIB_H 1
| #define HAVE_STRING_H 1
| #define HAVE_MEMORY_H 1
| #define HAVE_STRINGS_H 1
| #define HAVE_INTTYPES_H 1
| #define HAVE_STDINT_H 1
| #define HAVE_UNISTD_H 1
| #define __EXTENSIONS__ 1
| #define _ALL_SOURCE 1
| #define _GNU_SOURCE 1
| #define _POSIX_PTHREAD_SEMANTICS 1
| #define _TANDEM_SOURCE 1
| #define SPY_ON_READLINE 1 
| #define STDC_HEADERS 1
| #define HAVE_SYS_WAIT_H 1
| #define HAVE_ERRNO_H 1
| #define HAVE_FCNTL_H 1
| #define HAVE_STDLIB_H 1
| #define HAVE_STRING_H 1
| #define HAVE_SCHED_H 1
| #define HAVE_SYS_IOCTL_H 1
| #define HAVE_SYS_WAIT_H 1
| #define HAVE_SYS_RESOURCE_H 1
| #define HAVE_STDDEF_H 1
| #define HAVE_TERMIOS_H 1
| #define HAVE_UNISTD_H 1
| #define HAVE_STDINT_H 1
| #define HAVE_TIME_H 1
| #define HAVE_GETOPT_H 1
| #define HAVE_REGEX_H 1
| #define HAVE_CURSES_H 1
| #define HAVE_TERMCAP_H 1
| #define HAVE_TERM_H 1
| #define HAVE_NCURSES_TERM_H 1
| #define TPUTS_PUTC_ARGTYPE int
| #define GETOPT_GROKS_OPTIONAL_ARGS 1
| #define TIME_WITH_SYS_TIME 1
| #define RETSIGTYPE void
| #define HAVE_GETOPT_LONG 1
| #define HAVE_ISASTREAM 1
| #define HAVE_MKSTEMP 1
| #define HAVE_PSELECT 1
| #define HAVE_PUTENV 1
| #define HAVE_READLINK 1
| #define HAVE_SCHED_YIELD 1
| #define HAVE_SETENV 1
| #define HAVE_SETITIMER 1
| #define HAVE_SETSID 1
| #define HAVE_SETRLIMIT 1
| #define HAVE_SIGACTION 1
| #define HAVE_SNPRINTF 1
| #define HAVE_STRNLEN 1
| #define HAVE_SYSTEM 1
| #define HAVE_LIBUTIL 1
| #define HAVE_OPENPTY 1
| /* end confdefs.h.  */
| /* Define getpty to an innocuous variant, in case <limits.h> declares getpty.
|    For example, HP-UX 11i <limits.h> declares gettimeofday.  */
| #define getpty innocuous_getpty
| 
| /* System header to define __stub macros and hopefully few prototypes,
|     which can conflict with char getpty (); below.
|     Prefer <limits.h> to <assert.h> if __STDC__ is defined, since
|     <limits.h> exists even on freestanding compilers.  */
| 
| #ifdef __STDC__
| # include <limits.h>
| #else
| # include <assert.h>
| #endif
| 
| #undef getpty
| 
| /* Override any GCC internal prototype to avoid an error.
|    Use char because int might match the return type of a GCC
|    builtin and then its argument prototype would still apply.  */
| #ifdef __cplusplus
| extern "C"
| #endif
| char getpty ();
| /* The GNU C library defines this for functions which it implements
|     to always fail with ENOSYS.  Some functions are actually named
|     something starting with __ and the normal name is an alias.  */
| #if defined __stub_getpty || defined __stub___getpty
| choke me
| #endif
| 
| int
| main ()
| {
| return getpty ();
|   ;
|   return 0;
| }
configure:5795: result: no
configure:5795: checking for grantpt
configure:5795: gcc -o conftest -g -O2   conftest.c -lutil  >&5
configure:5795: $? = 0
configure:5795: result: yes
configure:5795: checking for unlockpt
configure:5795: gcc -o conftest -g -O2   conftest.c -lutil  >&5
configure:5795: $? = 0
configure:5795: result: yes
configure:5808: checking for getpt
configure:5827: gcc -o conftest -g -O2   conftest.c -lutil  >&5
conftest.c:71:0: warning: "_GNU_SOURCE" redefined
 #define _GNU_SOURCE
 ^
conftest.c:22:0: note: this is the location of the previous definition
 #define _GNU_SOURCE 1
 ^
configure:5827: $? = 0
configure:5835: result: yes
configure:5844: checking for pty/tty type
configure:5853: checking pty.h usability
configure:5853: gcc -c -g -O2  conftest.c >&5
configure:5853: $? = 0
configure:5853: result: yes
configure:5853: checking pty.h presence
configure:5853: gcc -E  conftest.c
configure:5853: $? = 0
configure:5853: result: yes
configure:5853: checking for pty.h
configure:5853: result: yes
configure:5891: result: OPENPTY
configure:5941: checking for pty ranges...
configure:5966: checking for tgetent
configure:5966: gcc -o conftest -g -O2   conftest.c -lutil  >&5
/var/tmp/0/ccAzzWtk.o: In function `main':
/afs/cats.ucsc.edu/courses/cmps112-wm/usr/Tarpit/rlwrap-0.37/rlwrap-0.37/conftest.c:110: undefined reference to `tgetent'
collect2: error: ld returned 1 exit status
configure:5966: $? = 1
configure: failed program was:
| /* confdefs.h */
| #define PACKAGE_NAME ""
| #define PACKAGE_TARNAME ""
| #define PACKAGE_VERSION ""
| #define PACKAGE_STRING ""
| #define PACKAGE_BUGREPORT ""
| #define PACKAGE_URL ""
| #define PACKAGE "rlwrap"
| #define VERSION "0.37"
| #define STDC_HEADERS 1
| #define HAVE_SYS_TYPES_H 1
| #define HAVE_SYS_STAT_H 1
| #define HAVE_STDLIB_H 1
| #define HAVE_STRING_H 1
| #define HAVE_MEMORY_H 1
| #define HAVE_STRINGS_H 1
| #define HAVE_INTTYPES_H 1
| #define HAVE_STDINT_H 1
| #define HAVE_UNISTD_H 1
| #define __EXTENSIONS__ 1
| #define _ALL_SOURCE 1
| #define _GNU_SOURCE 1
| #define _POSIX_PTHREAD_SEMANTICS 1
| #define _TANDEM_SOURCE 1
| #define SPY_ON_READLINE 1 
| #define STDC_HEADERS 1
| #define HAVE_SYS_WAIT_H 1
| #define HAVE_ERRNO_H 1
| #define HAVE_FCNTL_H 1
| #define HAVE_STDLIB_H 1
| #define HAVE_STRING_H 1
| #define HAVE_SCHED_H 1
| #define HAVE_SYS_IOCTL_H 1
| #define HAVE_SYS_WAIT_H 1
| #define HAVE_SYS_RESOURCE_H 1
| #define HAVE_STDDEF_H 1
| #define HAVE_TERMIOS_H 1
| #define HAVE_UNISTD_H 1
| #define HAVE_STDINT_H 1
| #define HAVE_TIME_H 1
| #define HAVE_GETOPT_H 1
| #define HAVE_REGEX_H 1
| #define HAVE_CURSES_H 1
| #define HAVE_TERMCAP_H 1
| #define HAVE_TERM_H 1
| #define HAVE_NCURSES_TERM_H 1
| #define TPUTS_PUTC_ARGTYPE int
| #define GETOPT_GROKS_OPTIONAL_ARGS 1
| #define TIME_WITH_SYS_TIME 1
| #define RETSIGTYPE void
| #define HAVE_GETOPT_LONG 1
| #define HAVE_ISASTREAM 1
| #define HAVE_MKSTEMP 1
| #define HAVE_PSELECT 1
| #define HAVE_PUTENV 1
| #define HAVE_READLINK 1
| #define HAVE_SCHED_YIELD 1
| #define HAVE_SETENV 1
| #define HAVE_SETITIMER 1
| #define HAVE_SETSID 1
| #define HAVE_SETRLIMIT 1
| #define HAVE_SIGACTION 1
| #define HAVE_SNPRINTF 1
| #define HAVE_STRNLEN 1
| #define HAVE_SYSTEM 1
| #define HAVE_LIBUTIL 1
| #define HAVE_OPENPTY 1
| #define HAVE_GRANTPT 1
| #define HAVE_UNLOCKPT 1
| #define HAVE_GETPT 1
| #define HAVE_PTY_H 1
| #define PTYS_ARE_OPENPTY 1
| #define PTYCHAR1 "?"
| #define PTYCHAR2 "?"
| /* end confdefs.h.  */
| /* Define tgetent to an innocuous variant, in case <limits.h> declares tgetent.
|    For example, HP-UX 11i <limits.h> declares gettimeofday.  */
| #define tgetent innocuous_tgetent
| 
| /* System header to define __stub macros and hopefully few prototypes,
|     which can conflict with char tgetent (); below.
|     Prefer <limits.h> to <assert.h> if __STDC__ is defined, since
|     <limits.h> exists even on freestanding compilers.  */
| 
| #ifdef __STDC__
| # include <limits.h>
| #else
| # include <assert.h>
| #endif
| 
| #undef tgetent
| 
| /* Override any GCC internal prototype to avoid an error.
|    Use char because int might match the return type of a GCC
|    builtin and then its argument prototype would still apply.  */
| #ifdef __cplusplus
| extern "C"
| #endif
| char tgetent ();
| /* The GNU C library defines this for functions which it implements
|     to always fail with ENOSYS.  Some functions are actually named
|     something starting with __ and the normal name is an alias.  */
| #if defined __stub_tgetent || defined __stub___tgetent
| choke me
| #endif
| 
| int
| main ()
| {
| return tgetent ();
|   ;
|   return 0;
| }
configure:5966: result: no
configure:5970: checking for tgetent in -lcurses
configure:5995: gcc -o conftest -g -O2   conftest.c -lcurses  -lutil  >&5
configure:5995: $? = 0
configure:6004: result: yes
configure:6102: checking for readline in -lreadline
configure:6127: gcc -o conftest -g -O2   conftest.c -lreadline -lcurses -lutil  >&5
configure:6127: $? = 0
configure:6136: result: yes
configure:6152: checking whether your readline headers know about rl_set_screen_size
configure:6170: result: yes
configure:6173: checking whether your readline library knows about rl_set_screen_size
configure:6175: checking for rl_set_screen_size
configure:6175: gcc -o conftest -g -O2   conftest.c -lutil  -lreadline -lcurses >&5
configure:6175: $? = 0
configure:6175: result: yes
configure:6189: checking whether your readline knows about rl_variable_value
configure:6205: result: yes
configure:6208: checking whether your readline knows about rl_readline_version
configure:6224: result: yes
configure:6232: checking for /proc/26018/cwd/configure.ac
configure:6246: result: yes
configure:6398: creating ./config.status

## ---------------------- ##
## Running config.status. ##
## ---------------------- ##

This file was extended by config.status, which was
generated by GNU Autoconf 2.64.  Invocation command line was

  CONFIG_FILES    = 
  CONFIG_HEADERS  = 
  CONFIG_LINKS    = 
  CONFIG_COMMANDS = 
  $ ./config.status 

on unix1.lt.ucsc.edu

config.status:921: creating Makefile
config.status:921: creating filters/Makefile
config.status:921: creating doc/Makefile
config.status:921: creating src/Makefile
config.status:921: creating doc/rlwrap.man
config.status:921: creating config.h
config.status:1141: executing depfiles commands

## ---------------- ##
## Cache variables. ##
## ---------------- ##

ac_cv_build=x86_64-unknown-linux-gnu
ac_cv_c_compiler_gnu=yes
ac_cv_c_const=yes
ac_cv_env_CC_set=
ac_cv_env_CC_value=
ac_cv_env_CFLAGS_set=
ac_cv_env_CFLAGS_value=
ac_cv_env_CPPFLAGS_set=
ac_cv_env_CPPFLAGS_value=
ac_cv_env_CPP_set=
ac_cv_env_CPP_value=
ac_cv_env_LDFLAGS_set=
ac_cv_env_LDFLAGS_value=
ac_cv_env_LIBS_set=
ac_cv_env_LIBS_value=
ac_cv_env_build_alias_set=
ac_cv_env_build_alias_value=
ac_cv_env_host_alias_set=
ac_cv_env_host_alias_value=
ac_cv_env_target_alias_set=
ac_cv_env_target_alias_value=
ac_cv_file__proc_26018_cwd_configure_ac=yes
ac_cv_func_getopt_long=yes
ac_cv_func_getpty=no
ac_cv_func_grantpt=yes
ac_cv_func_isastream=yes
ac_cv_func_mkstemp=yes
ac_cv_func_openpty=yes
ac_cv_func_pselect=yes
ac_cv_func_putenv=yes
ac_cv_func_readlink=yes
ac_cv_func_rl_set_screen_size=yes
ac_cv_func_sched_yield=yes
ac_cv_func_setenv=yes
ac_cv_func_setitimer=yes
ac_cv_func_setrlimit=yes
ac_cv_func_setsid=yes
ac_cv_func_sigaction=yes
ac_cv_func_snprintf=yes
ac_cv_func_strlcat=no
ac_cv_func_strlcpy=no
ac_cv_func_strnlen=yes
ac_cv_func_system=yes
ac_cv_func_tgetent=no
ac_cv_func_unlockpt=yes
ac_cv_header_curses_h=yes
ac_cv_header_errno_h=yes
ac_cv_header_fcntl_h=yes
ac_cv_header_getopt_h=yes
ac_cv_header_inttypes_h=yes
ac_cv_header_libutil_h=no
ac_cv_header_memory_h=yes
ac_cv_header_minix_config_h=no
ac_cv_header_ncurses_term_h=yes
ac_cv_header_pty_h=yes
ac_cv_header_regex_h=yes
ac_cv_header_sched_h=yes
ac_cv_header_stdc=yes
ac_cv_header_stddef_h=yes
ac_cv_header_stdint_h=yes
ac_cv_header_stdlib_h=yes
ac_cv_header_string_h=yes
ac_cv_header_strings_h=yes
ac_cv_header_sys_ioctl_h=yes
ac_cv_header_sys_resource_h=yes
ac_cv_header_sys_stat_h=yes
ac_cv_header_sys_types_h=yes
ac_cv_header_sys_wait_h=yes
ac_cv_header_term_h=yes
ac_cv_header_termcap_h=yes
ac_cv_header_termios_h=yes
ac_cv_header_time=yes
ac_cv_header_time_h=yes
ac_cv_header_unistd_h=yes
ac_cv_host=x86_64-unknown-linux-gnu
ac_cv_lib_curses_tgetent=yes
ac_cv_lib_readline_readline=yes
ac_cv_lib_util_openpty=yes
ac_cv_objext=o
ac_cv_path_EGREP='/usr/bin/grep -E'
ac_cv_path_GREP=/usr/bin/grep
ac_cv_path_PERL=/usr/local/bin/perl
ac_cv_path_install='/usr/bin/install -c'
ac_cv_path_mkdir=/usr/bin/mkdir
ac_cv_prog_AWK=gawk
ac_cv_prog_CPP='gcc -E'
ac_cv_prog_STRIP=strip
ac_cv_prog_ac_ct_CC=gcc
ac_cv_prog_cc_c89=
ac_cv_prog_cc_g=yes
ac_cv_prog_gcc_traditional=no
ac_cv_prog_make_make_set=yes
ac_cv_safe_to_define___extensions__=yes
ac_cv_type_pid_t=yes
ac_cv_type_signal=void
ac_cv_type_tputs_putc=int
am_cv_CC_dependencies_compiler_type=gcc3
ptyttylib_cv_func_getpt=yes
ptyttylib_cv_ptys=OPENPTY

## ----------------- ##
## Output variables. ##
## ----------------- ##

ACLOCAL='${SHELL} /afs/cats.ucsc.edu/courses/cmps112-wm/usr/Tarpit/rlwrap-0.37/rlwrap-0.37/tools/missing --run aclocal-1.11'
AMDEPBACKSLASH='\'
AMDEP_FALSE='#'
AMDEP_TRUE=''
AMTAR='${SHELL} /afs/cats.ucsc.edu/courses/cmps112-wm/usr/Tarpit/rlwrap-0.37/rlwrap-0.37/tools/missing --run tar'
AUTOCONF='${SHELL} /afs/cats.ucsc.edu/courses/cmps112-wm/usr/Tarpit/rlwrap-0.37/rlwrap-0.37/tools/missing --run autoconf'
AUTOHEADER='${SHELL} /afs/cats.ucsc.edu/courses/cmps112-wm/usr/Tarpit/rlwrap-0.37/rlwrap-0.37/tools/missing --run autoheader'
AUTOMAKE='${SHELL} /afs/cats.ucsc.edu/courses/cmps112-wm/usr/Tarpit/rlwrap-0.37/rlwrap-0.37/tools/missing --run automake-1.11'
AWK='gawk'
CC='gcc'
CCDEPMODE='depmode=gcc3'
CFLAGS='-g -O2'
CPP='gcc -E'
CPPFLAGS=''
CYGPATH_W='echo'
DEFS='-DHAVE_CONFIG_H'
DEPDIR='.deps'
ECHO_C=''
ECHO_N='-n'
ECHO_T=''
EGREP='/usr/bin/grep -E'
EXEEXT=''
GREP='/usr/bin/grep'
HAVE_LONG_OPTS='yes'
HAVE_OPTIONAL_ARGS='yes'
HAVE_PROC_PID_CWD='yes'
INSTALL_DATA='${INSTALL} -m 644'
INSTALL_PROGRAM='${INSTALL}'
INSTALL_SCRIPT='${INSTALL}'
INSTALL_STRIP_PROGRAM='$(install_sh) -c -s'
LDFLAGS=''
LIBOBJS=''
LIBS='-lutil  -lreadline -lcurses'
LTLIBOBJS=''
MAKEINFO='${SHELL} /afs/cats.ucsc.edu/courses/cmps112-wm/usr/Tarpit/rlwrap-0.37/rlwrap-0.37/tools/missing --run makeinfo'
MKDIR_P='/usr/bin/mkdir -p'
OBJEXT='o'
PACKAGE='rlwrap'
PACKAGE_BUGREPORT=''
PACKAGE_NAME=''
PACKAGE_STRING=''
PACKAGE_TARNAME=''
PACKAGE_URL=''
PACKAGE_VERSION=''
PATH_SEPARATOR=':'
PERL='/usr/local/bin/perl'
SET_MAKE=''
SHELL='/bin/sh'
STRIP='strip'
VERSION='0.37'
ac_ct_CC='gcc'
am__EXEEXT_FALSE=''
am__EXEEXT_TRUE='#'
am__fastdepCC_FALSE='#'
am__fastdepCC_TRUE=''
am__include='include'
am__isrc=''
am__leading_dot='.'
am__quote=''
am__tar='${AMTAR} chof - "$$tardir"'
am__untar='${AMTAR} xf -'
bindir='${exec_prefix}/bin'
build='x86_64-unknown-linux-gnu'
build_alias=''
build_cpu='x86_64'
build_os='linux-gnu'
build_vendor='unknown'
datadir='${datarootdir}'
datarootdir='${prefix}/share'
docdir='${datarootdir}/doc/${PACKAGE}'
dvidir='${docdir}'
exec_prefix='${prefix}'
host='x86_64-unknown-linux-gnu'
host_alias=''
host_cpu='x86_64'
host_os='linux-gnu'
host_vendor='unknown'
htmldir='${docdir}'
includedir='${prefix}/include'
infodir='${datarootdir}/info'
install_sh='${SHELL} /afs/cats.ucsc.edu/courses/cmps112-wm/usr/Tarpit/rlwrap-0.37/rlwrap-0.37/tools/install-sh'
libdir='${exec_prefix}/lib'
libexecdir='${exec_prefix}/libexec'
localedir='${datarootdir}/locale'
localstatedir='${prefix}/var'
mandir='${datarootdir}/man'
mkdir_p='/usr/bin/mkdir -p'
oldincludedir='/usr/include'
pdfdir='${docdir}'
prefix='/afs/cats.ucsc.edu/courses/cmps112-wm/usr/rlwrap-0.37'
program_transform_name='s,x,x,'
psdir='${docdir}'
sbindir='${exec_prefix}/sbin'
sharedstatedir='${prefix}/com'
sysconfdir='${prefix}/etc'
target_alias=''

## ----------- ##
## confdefs.h. ##
## ----------- ##

/* confdefs.h */
#define PACKAGE_NAME ""
#define PACKAGE_TARNAME ""
#define PACKAGE_VERSION ""
#define PACKAGE_STRING ""
#define PACKAGE_BUGREPORT ""
#define PACKAGE_URL ""
#define PACKAGE "rlwrap"
#define VERSION "0.37"
#define STDC_HEADERS 1
#define HAVE_SYS_TYPES_H 1
#define HAVE_SYS_STAT_H 1
#define HAVE_STDLIB_H 1
#define HAVE_STRING_H 1
#define HAVE_MEMORY_H 1
#define HAVE_STRINGS_H 1
#define HAVE_INTTYPES_H 1
#define HAVE_STDINT_H 1
#define HAVE_UNISTD_H 1
#define __EXTENSIONS__ 1
#define _ALL_SOURCE 1
#define _GNU_SOURCE 1
#define _POSIX_PTHREAD_SEMANTICS 1
#define _TANDEM_SOURCE 1
#define SPY_ON_READLINE 1 
#define STDC_HEADERS 1
#define HAVE_SYS_WAIT_H 1
#define HAVE_ERRNO_H 1
#define HAVE_FCNTL_H 1
#define HAVE_STDLIB_H 1
#define HAVE_STRING_H 1
#define HAVE_SCHED_H 1
#define HAVE_SYS_IOCTL_H 1
#define HAVE_SYS_WAIT_H 1
#define HAVE_SYS_RESOURCE_H 1
#define HAVE_STDDEF_H 1
#define HAVE_TERMIOS_H 1
#define HAVE_UNISTD_H 1
#define HAVE_STDINT_H 1
#define HAVE_TIME_H 1
#define HAVE_GETOPT_H 1
#define HAVE_REGEX_H 1
#define HAVE_CURSES_H 1
#define HAVE_TERMCAP_H 1
#define HAVE_TERM_H 1
#define HAVE_NCURSES_TERM_H 1
#define TPUTS_PUTC_ARGTYPE int
#define GETOPT_GROKS_OPTIONAL_ARGS 1
#define TIME_WITH_SYS_TIME 1
#define RETSIGTYPE void
#define HAVE_GETOPT_LONG 1
#define HAVE_ISASTREAM 1
#define HAVE_MKSTEMP 1
#define HAVE_PSELECT 1
#define HAVE_PUTENV 1
#define HAVE_READLINK 1
#define HAVE_SCHED_YIELD 1
#define HAVE_SETENV 1
#define HAVE_SETITIMER 1
#define HAVE_SETSID 1
#define HAVE_SETRLIMIT 1
#define HAVE_SIGACTION 1
#define HAVE_SNPRINTF 1
#define HAVE_STRNLEN 1
#define HAVE_SYSTEM 1
#define HAVE_LIBUTIL 1
#define HAVE_OPENPTY 1
#define HAVE_GRANTPT 1
#define HAVE_UNLOCKPT 1
#define HAVE_GETPT 1
#define HAVE_PTY_H 1
#define PTYS_ARE_OPENPTY 1
#define PTYCHAR1 "?"
#define PTYCHAR2 "?"
#define HAVE_RL_VARIABLE_VALUE 1 
#define HAVE_RL_READLINE_VERSION 1 
#define HAVE__PROC_26018_CWD_CONFIGURE_AC 1
#define HAVE_PROC_PID_CWD 1 

configure: exit 0
